#
# There is insufficient memory for the Java Runtime Environment to continue.
# Native memory allocation (mmap) failed to map 132120576 bytes for Failed to commit area from 0x0000000082e00000 to 0x000000008ac00000 of length 132120576.
# Possible reasons:
#   The system is out of physical RAM or swap space
#   The process is running with CompressedOops enabled, and the Java Heap may be blocking the growth of the native heap
# Possible solutions:
#   Reduce memory load on the system
#   Increase physical memory or swap space
#   Check if swap backing store is full
#   Decrease Java heap size (-Xmx/-Xms)
#   Decrease number of Java threads
#   Decrease Java thread stack sizes (-Xss)
#   Set larger code cache with -XX:ReservedCodeCacheSize=
#   JVM is running with Unscaled Compressed Oops mode in which the Java heap is
#     placed in the first 4GB address space. The Java Heap base address is the
#     maximum limit for the native heap growth. Please use -XX:HeapBaseMinAddress
#     to set the Java Heap base and to place the Java Heap above 4GB virtual address.
# This output file may be truncated or incomplete.
#
#  Out of Memory Error (t:/workspace/open/src/hotspot/os/windows/os_windows.cpp:3315), pid=8272, tid=9856
#
# JRE version:  (14.0+36) (build )
# Java VM: Java HotSpot(TM) 64-Bit Server VM (14+36-1461, mixed mode, sharing, tiered, compressed oops, g1 gc, windows-amd64)
# No core dump will be written. Minidumps are not enabled by default on client versions of Windows
#

---------------  S U M M A R Y ------------

Command Line: -XX:TieredStopAtLevel=1 com.example.AnytimeSpringApplication

Host: Intel(R) Core(TM) i3-8145U CPU @ 2.10GHz, 4 cores, 7G,  Windows 10 , 64 bit Build 18362 (10.0.18362.778)
Time: Fri May  1 12:38:18 2020 West-Europa (zomertijd) elapsed time: 0 seconds (0d 0h 0m 0s)

---------------  T H R E A D  ---------------

Current thread (0x0000025379d8c000):  JavaThread "Unknown thread" [_thread_in_vm, id=9856, stack(0x0000007768b00000,0x0000007768c00000)]

Stack: [0x0000007768b00000,0x0000007768c00000]
Native frames: (J=compiled Java code, j=interpreted, Vv=VM code, C=native code)
V  [jvm.dll+0x5f83ea]
V  [jvm.dll+0x741e2a]
V  [jvm.dll+0x7435df]
V  [jvm.dll+0x743c23]
V  [jvm.dll+0x20d268]
V  [jvm.dll+0x5f579a]
V  [jvm.dll+0x5ea5f5]
V  [jvm.dll+0x2c7e7c]
V  [jvm.dll+0x2c7cb2]
V  [jvm.dll+0x2cdb9c]
V  [jvm.dll+0x313fd8]
V  [jvm.dll+0x313700]
V  [jvm.dll+0x2a090a]
V  [jvm.dll+0x2a1a59]
V  [jvm.dll+0x71f6f8]
V  [jvm.dll+0x321c24]
V  [jvm.dll+0x700aec]
V  [jvm.dll+0x392ddf]
V  [jvm.dll+0x394e51]
C  [jli.dll+0x523b]
C  [ucrtbase.dll+0x20e72]
C  [KERNEL32.DLL+0x17bd4]
C  [ntdll.dll+0x6ce51]


---------------  P R O C E S S  ---------------

Threads class SMR info:
_java_thread_list=0x00007ffc968c4078, length=0, elements={
}

Java Threads: ( => current thread )

Other Threads:
  0x0000025379dc7000 GCTaskThread "GC Thread#0" [stack: 0x0000007768c00000,0x0000007768d00000] [id=14360]
  0x0000025379dd9000 ConcurrentGCThread "G1 Main Marker" [stack: 0x0000007768d00000,0x0000007768e00000] [id=5968]
  0x0000025379ddd800 ConcurrentGCThread "G1 Conc#0" [stack: 0x0000007768e00000,0x0000007768f00000] [id=1864]

[error occurred during error reporting (printing all threads), id 0xc0000005, EXCEPTION_ACCESS_VIOLATION (0xc0000005) at pc=0x00007ffc960f1237]

VM state:not at safepoint (not fully initialized)

VM Mutex/Monitor currently owned by a thread:  ([mutex/lock_event])
[0x0000025379d88620] Heap_lock - owner thread: 0x0000025379d8c000

Heap address: 0x0000000082e00000, size: 2002 MB, Compressed Oops mode: 32-bit
Narrow klass base: 0x0000000000000000, Narrow klass shift: 0

GC Heap History (0 events):
No events

Deoptimization events (0 events):
No events

Classes unloaded (0 events):
No events

Classes redefined (0 events):
No events

Internal exceptions (0 events):
No events

Events (2 events):
Event: 0.007 Loaded shared library C:\Program Files\Java\jdk-14\bin\java.dll
Event: 0.007 Loaded shared library C:\Program Files\Java\jdk-14\bin\zip.dll


Dynamic libraries:
0x00007ff7c2020000 - 0x00007ff7c202f000 	C:\Program Files\Java\jdk-14\bin\java.exe
0x00007ffcb8320000 - 0x00007ffcb8510000 	C:\Windows\SYSTEM32\ntdll.dll
0x00007ffcb7f00000 - 0x00007ffcb7fb2000 	C:\Windows\System32\KERNEL32.DLL
0x00007ffcb52b0000 - 0x00007ffcb5553000 	C:\Windows\System32\KERNELBASE.dll
0x00007ffcb5d90000 - 0x00007ffcb5e8a000 	C:\Windows\System32\ucrtbase.dll
0x00007ffcacbb0000 - 0x00007ffcacbc8000 	C:\Program Files\Java\jdk-14\bin\jli.dll
0x00007ffcb8070000 - 0x00007ffcb8113000 	C:\Windows\System32\ADVAPI32.dll
0x00007ffcb6db0000 - 0x00007ffcb6e4e000 	C:\Windows\System32\msvcrt.dll
0x00007ffcb7740000 - 0x00007ffcb77d7000 	C:\Windows\System32\sechost.dll
0x00007ffcb72b0000 - 0x00007ffcb73d0000 	C:\Windows\System32\RPCRT4.dll
0x00007ffcb6960000 - 0x00007ffcb6af4000 	C:\Windows\System32\USER32.dll
0x00007ffcb63a0000 - 0x00007ffcb63c1000 	C:\Windows\System32\win32u.dll
0x00007ffcb6d70000 - 0x00007ffcb6d96000 	C:\Windows\System32\GDI32.dll
0x00007ffcb5e90000 - 0x00007ffcb6024000 	C:\Windows\System32\gdi32full.dll
0x00007ffcb6300000 - 0x00007ffcb639e000 	C:\Windows\System32\msvcp_win.dll
0x00007ffcacb90000 - 0x00007ffcacba5000 	C:\Program Files\Java\jdk-14\bin\VCRUNTIME140.dll
0x00007ffca3c20000 - 0x00007ffca3ea5000 	C:\Windows\WinSxS\amd64_microsoft.windows.common-controls_6595b64144ccf1df_6.0.18362.778_none_e6c6b761130d4fb8\COMCTL32.dll
0x00007ffcb6e50000 - 0x00007ffcb7186000 	C:\Windows\System32\combase.dll
0x00007ffcb61b0000 - 0x00007ffcb6230000 	C:\Windows\System32\bcryptPrimitives.dll
0x00007ffca41d0000 - 0x00007ffca41da000 	C:\Windows\SYSTEM32\VERSION.dll
0x00007ffcb77e0000 - 0x00007ffcb780e000 	C:\Windows\System32\IMM32.DLL
0x00007ffca23b0000 - 0x00007ffca244b000 	C:\Program Files\Java\jdk-14\bin\msvcp140.dll
0x00007ffc95e40000 - 0x00007ffc9695f000 	C:\Program Files\Java\jdk-14\bin\server\jvm.dll
0x00007ffcb6430000 - 0x00007ffcb6438000 	C:\Windows\System32\PSAPI.DLL
0x00007ffcaaac0000 - 0x00007ffcaaac9000 	C:\Windows\SYSTEM32\WSOCK32.dll
0x00007ffcb7190000 - 0x00007ffcb71ff000 	C:\Windows\System32\WS2_32.dll
0x00007ffcad260000 - 0x00007ffcad284000 	C:\Windows\SYSTEM32\WINMM.dll
0x00007ffcad230000 - 0x00007ffcad25d000 	C:\Windows\SYSTEM32\WINMMBASE.dll
0x00007ffcb5d40000 - 0x00007ffcb5d8a000 	C:\Windows\System32\cfgmgr32.dll
0x00007ffcb5290000 - 0x00007ffcb52a1000 	C:\Windows\System32\kernel.appcore.dll
0x00007ffcacbf0000 - 0x00007ffcacbfa000 	C:\Program Files\Java\jdk-14\bin\jimage.dll
0x00007ffcb3320000 - 0x00007ffcb3514000 	C:\Windows\SYSTEM32\DBGHELP.DLL
0x00007ffca4200000 - 0x00007ffca422a000 	C:\Windows\SYSTEM32\dbgcore.DLL
0x00007ffca2380000 - 0x00007ffca23a5000 	C:\Program Files\Java\jdk-14\bin\java.dll
0x00007ffcaa770000 - 0x00007ffcaa787000 	C:\Program Files\Java\jdk-14\bin\zip.dll

dbghelp: loaded successfully - version: 4.0.5 - missing functions: none
symbol engine: initialized successfully - sym options: 0x614 - pdb path: .;C:\Program Files\Java\jdk-14\bin;C:\Windows\SYSTEM32;C:\Windows\WinSxS\amd64_microsoft.windows.common-controls_6595b64144ccf1df_6.0.18362.778_none_e6c6b761130d4fb8;C:\Program Files\Java\jdk-14\bin\server

VM Arguments:
jvm_args: -XX:TieredStopAtLevel=1 
java_command: com.example.AnytimeSpringApplication
java_class_path (initial): C:\Users\lynnb\Documents\Projects\Anytime\anytime-spring\target\classes;C:\Users\lynnb\.m2\repository\org\springframework\boot\spring-boot-starter-data-jpa\2.2.6.RELEASE\spring-boot-starter-data-jpa-2.2.6.RELEASE.jar;C:\Users\lynnb\.m2\repository\org\springframework\boot\spring-boot-starter-aop\2.2.6.RELEASE\spring-boot-starter-aop-2.2.6.RELEASE.jar;C:\Users\lynnb\.m2\repository\org\springframework\spring-aop\5.2.5.RELEASE\spring-aop-5.2.5.RELEASE.jar;C:\Users\lynnb\.m2\repository\org\aspectj\aspectjweaver\1.9.5\aspectjweaver-1.9.5.jar;C:\Users\lynnb\.m2\repository\org\springframework\boot\spring-boot-starter-jdbc\2.2.6.RELEASE\spring-boot-starter-jdbc-2.2.6.RELEASE.jar;C:\Users\lynnb\.m2\repository\com\zaxxer\HikariCP\3.4.2\HikariCP-3.4.2.jar;C:\Users\lynnb\.m2\repository\org\springframework\spring-jdbc\5.2.5.RELEASE\spring-jdbc-5.2.5.RELEASE.jar;C:\Users\lynnb\.m2\repository\jakarta\activation\jakarta.activation-api\1.2.2\jakarta.activation-api-1.2.2.jar;C:\Users\lynnb\.m2\repository\jakarta\persistence\jakarta.persistence-api\2.2.3\jakarta.persistence-api-2.2.3.jar;C:\Users\lynnb\.m2\repository\jakarta\transaction\jakarta.transaction-api\1.3.3\jakarta.transaction-api-1.3.3.jar;C:\Users\lynnb\.m2\repository\org\hibernate\hibernate-core\5.4.12.Final\hibernate-core-5.4.12.Final.jar;C:\Users\lynnb\.m2\repository\org\jboss\logging\jboss-logging\3.4.1.Final\jboss-logging-3.4.1.Final.jar;C:\Users\lynnb\.m2\repository\org\javassist\javassist\3.24.0-GA\javassist-3.24.0-GA.jar;C:\Users\lynnb\.m2\repository\net\bytebuddy\byte-buddy\1.10.8\byte-buddy-1.10.8.jar;C:\Users\lynnb\.m2\repository\antlr\antlr\2.7.7\antlr-2.7.7.jar;C:\Users\lynnb\.m2\repository\org\jboss\jandex\2.1.1.Final\jandex-2.1.1.Final.jar;C:\Users\lynnb\.m2\repository\com\fasterxml\classmate\1.5.1\classmate-1.5.1.jar;C:\Users\lynnb\.m2\repository\org\dom4j\dom4j\2.1.1\dom4j-2.1.1.jar;C:\Users\lynnb\.m2\repository\org\hibernate\common\hibernate-commons-annotations\5.1.0.Final\hiber
Launcher Type: SUN_STANDARD

[Global flags]
     intx CICompilerCount                          = 3                                         {product} {ergonomic}
     uint ConcGCThreads                            = 1                                         {product} {ergonomic}
     uint G1ConcRefinementThreads                  = 4                                         {product} {ergonomic}
   size_t G1HeapRegionSize                         = 1048576                                   {product} {ergonomic}
    uintx GCDrainStackTargetSize                   = 64                                        {product} {ergonomic}
   size_t InitialHeapSize                          = 132120576                                 {product} {ergonomic}
   size_t MarkStackSize                            = 4194304                                   {product} {ergonomic}
   size_t MaxHeapSize                              = 2099249152                                {product} {ergonomic}
   size_t MinHeapDeltaBytes                        = 1048576                                   {product} {ergonomic}
   size_t MinHeapSize                              = 8388608                                   {product} {ergonomic}
    uintx NonNMethodCodeHeapSize                   = 6973028                                {pd product} {ergonomic}
    uintx NonProfiledCodeHeapSize                  = 244685212                              {pd product} {ergonomic}
    uintx ProfiledCodeHeapSize                     = 0                                      {pd product} {ergonomic}
    uintx ReservedCodeCacheSize                    = 251658240                              {pd product} {ergonomic}
     bool SegmentedCodeCache                       = true                                      {product} {ergonomic}
   size_t SoftMaxHeapSize                          = 2099249152                             {manageable} {ergonomic}
     intx TieredStopAtLevel                        = 1                                         {product} {command line}
     bool UseCompressedClassPointers               = true                                 {lp64_product} {ergonomic}
     bool UseCompressedOops                        = true                                 {lp64_product} {ergonomic}
     bool UseG1GC                                  = true                                      {product} {ergonomic}
     bool UseLargePagesIndividualAllocation        = false                                  {pd product} {ergonomic}

Logging:
Log output configuration:
 #0: stdout all=warning uptime,level,tags
 #1: stderr all=off uptime,level,tags

Environment Variables:
JAVA_HOME=C:\Program Files\Java\jdk-14
PATH=C:\Windows\system32;C:\Windows;C:\Windows\System32\Wbem;C:\Windows\System32\WindowsPowerShell\v1.0\;C:\Windows\System32\OpenSSH\;C:\Program Files\nodejs\;C:\Tools\apache-maven-3.6.3-bin\apache-maven-3.6.3\bin;C:\Users\lynnb\AppData\Local\Microsoft\WindowsApps;C:\Users\lynnb\AppData\Local\Programs\Git\cmd;C:\Users\lynnb\AppData\Local\Programs\Microsoft VS Code\bin;C:\Users\lynnb\AppData\Roaming\npm;
USERNAME=lynnb
OS=Windows_NT
PROCESSOR_IDENTIFIER=Intel64 Family 6 Model 142 Stepping 12, GenuineIntel



---------------  S Y S T E M  ---------------

OS: Windows 10 , 64 bit Build 18362 (10.0.18362.778)
OS uptime: 0 days 0:31 hours

CPU:total 4 (initial active 4) (2 cores per cpu, 2 threads per core) family 6 model 142 stepping 12, cmov, cx8, fxsr, mmx, sse, sse2, sse3, ssse3, sse4.1, sse4.2, popcnt, avx, avx2, aes, clmul, erms, 3dnowpref, lzcnt, ht, tsc, tscinvbit, bmi1, bmi2, adx, fma

Memory: 4k page, system-wide physical 8007M (914M free)
TotalPageFile size 32583M (AvailPageFile size 95M)
current process WorkingSet (physical memory assigned to process): 10M, peak: 10M
current process commit charge ("private bytes"): 49M, peak: 175M

vm_info: Java HotSpot(TM) 64-Bit Server VM (14+36-1461) for windows-amd64 JRE (14+36-1461), built on Feb  6 2020 19:08:04 by "mach5one" with MS VC++ 15.9 (VS2017)

END.
